# JRE version: Java(TM) SE Runtime Environment 18.9 (11.0.16.1+1) (build 11.0.16.1+1-LTS-1)
# Java VM: Java HotSpot(TM) 64-Bit Server VM 18.9 (11.0.16.1+1-LTS-1, mixed mode, tiered, compressed oops, g1 gc, windows-amd64)
Heap:
 garbage-first heap   total 258048K, used 45868K [0x0000000704800000, 0x0000000800000000)
  region size 1024K, 46 young (47104K), 1 survivors (1024K)
 Metaspace       used 8925K, capacity 9028K, committed 9088K, reserved 1056768K
  class space    used 787K, capacity 836K, committed 896K, reserved 1048576K
GC Heap History (10 events):
Event: 46.287 GC heap before
{Heap before GC invocations=282 (full 0):
 garbage-first heap   total 258048K, used 154410K [0x0000000704800000, 0x0000000800000000)
  region size 1024K, 151 young (154624K), 1 survivors (1024K)
 Metaspace       used 8820K, capacity 8964K, committed 9088K, reserved 1056768K
  class space    used 778K, capacity 836K, committed 896K, reserved 1048576K
}
Event: 46.287 GC heap after
{Heap after GC invocations=283 (full 0):
 garbage-first heap   total 258048K, used 1834K [0x0000000704800000, 0x0000000800000000)
  region size 1024K, 1 young (1024K), 1 survivors (1024K)
 Metaspace       used 8820K, capacity 8964K, committed 9088K, reserved 1056768K
  class space    used 778K, capacity 836K, committed 896K, reserved 1048576K
}
Event: 46.361 GC heap before
{Heap before GC invocations=283 (full 0):
 garbage-first heap   total 258048K, used 154410K [0x0000000704800000, 0x0000000800000000)
  region size 1024K, 151 young (154624K), 1 survivors (1024K)
 Metaspace       used 8820K, capacity 8964K, committed 9088K, reserved 1056768K
  class space    used 778K, capacity 836K, committed 896K, reserved 1048576K
}
Event: 46.362 GC heap after
{Heap after GC invocations=284 (full 0):
 garbage-first heap   total 258048K, used 2024K [0x0000000704800000, 0x0000000800000000)
  region size 1024K, 1 young (1024K), 1 survivors (1024K)
 Metaspace       used 8820K, capacity 8964K, committed 9088K, reserved 1056768K
  class space    used 778K, capacity 836K, committed 896K, reserved 1048576K
}
Event: 46.425 GC heap before
{Heap before GC invocations=284 (full 0):
 garbage-first heap   total 258048K, used 154600K [0x0000000704800000, 0x0000000800000000)
  region size 1024K, 151 young (154624K), 1 survivors (1024K)
 Metaspace       used 8820K, capacity 8964K, committed 9088K, reserved 1056768K
  class space    used 778K, capacity 836K, committed 896K, reserved 1048576K
}
Event: 46.426 GC heap after
{Heap after GC invocations=285 (full 0):
 garbage-first heap   total 258048K, used 2025K [0x0000000704800000, 0x0000000800000000)
  region size 1024K, 1 young (1024K), 1 survivors (1024K)
 Metaspace       used 8820K, capacity 8964K, committed 9088K, reserved 1056768K
  class space    used 778K, capacity 836K, committed 896K, reserved 1048576K
}
Event: 46.492 GC heap before
{Heap before GC invocations=285 (full 0):
 garbage-first heap   total 258048K, used 154601K [0x0000000704800000, 0x0000000800000000)
  region size 1024K, 151 young (154624K), 1 survivors (1024K)
 Metaspace       used 8820K, capacity 8964K, committed 9088K, reserved 1056768K
  class space    used 778K, capacity 836K, committed 896K, reserved 1048576K
}
Event: 46.493 GC heap after
{Heap after GC invocations=286 (full 0):
 garbage-first heap   total 258048K, used 2025K [0x0000000704800000, 0x0000000800000000)
  region size 1024K, 1 young (1024K), 1 survivors (1024K)
 Metaspace       used 8820K, capacity 8964K, committed 9088K, reserved 1056768K
  class space    used 778K, capacity 836K, committed 896K, reserved 1048576K
}
Event: 46.554 GC heap before
{Heap before GC invocations=286 (full 0):
 garbage-first heap   total 258048K, used 154601K [0x0000000704800000, 0x0000000800000000)
  region size 1024K, 151 young (154624K), 1 survivors (1024K)
 Metaspace       used 8820K, capacity 8964K, committed 9088K, reserved 1056768K
  class space    used 778K, capacity 836K, committed 896K, reserved 1048576K
}
Event: 46.554 GC heap after
{Heap after GC invocations=287 (full 0):
 garbage-first heap   total 258048K, used 1836K [0x0000000704800000, 0x0000000800000000)
  region size 1024K, 1 young (1024K), 1 survivors (1024K)
 Metaspace       used 8820K, capacity 8964K, committed 9088K, reserved 1056768K
  class space    used 778K, capacity 836K, committed 896K, reserved 1048576K
}

