# JRE version: Java(TM) SE Runtime Environment 18.9 (11.0.16.1+1) (build 11.0.16.1+1-LTS-1)
# Java VM: Java HotSpot(TM) 64-Bit Server VM 18.9 (11.0.16.1+1-LTS-1, mixed mode, tiered, compressed oops, g1 gc, windows-amd64)
Heap:
 garbage-first heap   total 258048K, used 113426K [0x0000000704800000, 0x0000000800000000)
  region size 1024K, 113 young (115712K), 2 survivors (2048K)
 Metaspace       used 8923K, capacity 9028K, committed 9088K, reserved 1056768K
  class space    used 787K, capacity 836K, committed 896K, reserved 1048576K
GC Heap History (8 events):
Event: 7.608 GC heap before
{Heap before GC invocations=0 (full 0):
 garbage-first heap   total 258048K, used 23552K [0x0000000704800000, 0x0000000800000000)
  region size 1024K, 24 young (24576K), 0 survivors (0K)
 Metaspace       used 8817K, capacity 8964K, committed 9088K, reserved 1056768K
  class space    used 778K, capacity 836K, committed 896K, reserved 1048576K
}
Event: 7.617 GC heap after
{Heap after GC invocations=1 (full 0):
 garbage-first heap   total 258048K, used 1638K [0x0000000704800000, 0x0000000800000000)
  region size 1024K, 2 young (2048K), 2 survivors (2048K)
 Metaspace       used 8817K, capacity 8964K, committed 9088K, reserved 1056768K
  class space    used 778K, capacity 836K, committed 896K, reserved 1048576K
}
Event: 11.725 GC heap before
{Heap before GC invocations=1 (full 0):
 garbage-first heap   total 258048K, used 154214K [0x0000000704800000, 0x0000000800000000)
  region size 1024K, 151 young (154624K), 2 survivors (2048K)
 Metaspace       used 8817K, capacity 8964K, committed 9088K, reserved 1056768K
  class space    used 778K, capacity 836K, committed 896K, reserved 1048576K
}
Event: 11.727 GC heap after
{Heap after GC invocations=2 (full 0):
 garbage-first heap   total 258048K, used 1787K [0x0000000704800000, 0x0000000800000000)
  region size 1024K, 2 young (2048K), 2 survivors (2048K)
 Metaspace       used 8817K, capacity 8964K, committed 9088K, reserved 1056768K
  class space    used 778K, capacity 836K, committed 896K, reserved 1048576K
}
Event: 12.180 GC heap before
{Heap before GC invocations=2 (full 0):
 garbage-first heap   total 258048K, used 153339K [0x0000000704800000, 0x0000000800000000)
  region size 1024K, 151 young (154624K), 2 survivors (2048K)
 Metaspace       used 8817K, capacity 8964K, committed 9088K, reserved 1056768K
  class space    used 778K, capacity 836K, committed 896K, reserved 1048576K
}
Event: 12.182 GC heap after
{Heap after GC invocations=3 (full 0):
 garbage-first heap   total 258048K, used 1758K [0x0000000704800000, 0x0000000800000000)
  region size 1024K, 2 young (2048K), 2 survivors (2048K)
 Metaspace       used 8817K, capacity 8964K, committed 9088K, reserved 1056768K
  class space    used 778K, capacity 836K, committed 896K, reserved 1048576K
}
Event: 12.514 GC heap before
{Heap before GC invocations=3 (full 0):
 garbage-first heap   total 258048K, used 153310K [0x0000000704800000, 0x0000000800000000)
  region size 1024K, 151 young (154624K), 2 survivors (2048K)
 Metaspace       used 8817K, capacity 8964K, committed 9088K, reserved 1056768K
  class space    used 778K, capacity 836K, committed 896K, reserved 1048576K
}
Event: 12.516 GC heap after
{Heap after GC invocations=4 (full 0):
 garbage-first heap   total 258048K, used 1810K [0x0000000704800000, 0x0000000800000000)
  region size 1024K, 2 young (2048K), 2 survivors (2048K)
 Metaspace       used 8817K, capacity 8964K, committed 9088K, reserved 1056768K
  class space    used 778K, capacity 836K, committed 896K, reserved 1048576K
}

